[debug] [2024-11-17T16:13:49.524Z] ----------------------------------------------------------------------
[debug] [2024-11-17T16:13:49.526Z] Command:       C:\Program Files\nodejs\node.exe C:\Users\samuel\AppData\Roaming\npm\node_modules\firebase-tools\lib\bin\firebase.js deploy --debug
[debug] [2024-11-17T16:13:49.526Z] CLI Version:   13.25.0
[debug] [2024-11-17T16:13:49.526Z] Platform:      win32
[debug] [2024-11-17T16:13:49.526Z] Node Version:  v20.12.2
[debug] [2024-11-17T16:13:49.527Z] Time:          Sun Nov 17 2024 23:13:49 GMT+0700 (Western Indonesia Time)
[debug] [2024-11-17T16:13:49.527Z] ----------------------------------------------------------------------
[debug] 
[debug] [2024-11-17T16:13:49.575Z] > command requires scopes: ["email","openid","https://www.googleapis.com/auth/cloudplatformprojects.readonly","https://www.googleapis.com/auth/firebase","https://www.googleapis.com/auth/cloud-platform"]
[debug] [2024-11-17T16:13:49.576Z] > authorizing via signed-in user (samdwiputra@gmail.com)
[debug] [2024-11-17T16:13:49.577Z] [iam] checking project otocare-b16fa for permissions ["firebase.projects.get","firebasehosting.sites.update"]
[debug] [2024-11-17T16:13:49.578Z] Checked if tokens are valid: true, expires at: 1731862304562
[debug] [2024-11-17T16:13:49.578Z] Checked if tokens are valid: true, expires at: 1731862304562
[debug] [2024-11-17T16:13:49.580Z] >>> [apiv2][query] POST https://cloudresourcemanager.googleapis.com/v1/projects/otocare-b16fa:testIamPermissions [none]
[debug] [2024-11-17T16:13:49.581Z] >>> [apiv2][(partial)header] POST https://cloudresourcemanager.googleapis.com/v1/projects/otocare-b16fa:testIamPermissions x-goog-quota-user=projects/otocare-b16fa
[debug] [2024-11-17T16:13:49.581Z] >>> [apiv2][body] POST https://cloudresourcemanager.googleapis.com/v1/projects/otocare-b16fa:testIamPermissions {"permissions":["firebase.projects.get","firebasehosting.sites.update"]}
[debug] [2024-11-17T16:13:50.693Z] <<< [apiv2][status] POST https://cloudresourcemanager.googleapis.com/v1/projects/otocare-b16fa:testIamPermissions 200
[debug] [2024-11-17T16:13:50.695Z] <<< [apiv2][body] POST https://cloudresourcemanager.googleapis.com/v1/projects/otocare-b16fa:testIamPermissions {"permissions":["firebase.projects.get","firebasehosting.sites.update"]}
[debug] [2024-11-17T16:13:50.697Z] Checked if tokens are valid: true, expires at: 1731862304562
[debug] [2024-11-17T16:13:50.698Z] Checked if tokens are valid: true, expires at: 1731862304562
[debug] [2024-11-17T16:13:50.699Z] >>> [apiv2][query] GET https://firebase.googleapis.com/v1beta1/projects/otocare-b16fa [none]
[debug] [2024-11-17T16:13:51.275Z] <<< [apiv2][status] GET https://firebase.googleapis.com/v1beta1/projects/otocare-b16fa 200
[debug] [2024-11-17T16:13:51.276Z] <<< [apiv2][body] GET https://firebase.googleapis.com/v1beta1/projects/otocare-b16fa {"projectId":"otocare-b16fa","projectNumber":"124104424279","displayName":"OTOCARE","name":"projects/otocare-b16fa","resources":{"hostingSite":"otocare-b16fa"},"state":"ACTIVE","etag":"1_4564b0fb-274a-4eb6-b514-d206ef60d2f5"}
[info] 
[info] === Deploying to 'otocare-b16fa'...
[info] 
[info] i  deploying hosting 
[debug] [2024-11-17T16:13:51.290Z] Checked if tokens are valid: true, expires at: 1731862304562
[debug] [2024-11-17T16:13:51.292Z] Checked if tokens are valid: true, expires at: 1731862304562
[debug] [2024-11-17T16:13:51.294Z] >>> [apiv2][query] POST https://firebasehosting.googleapis.com/v1beta1/projects/-/sites/otocare-b16fa/versions [none]
[debug] [2024-11-17T16:13:51.295Z] >>> [apiv2][body] POST https://firebasehosting.googleapis.com/v1beta1/projects/-/sites/otocare-b16fa/versions {"status":"CREATED","labels":{"deployment-tool":"cli-firebase"}}
[debug] [2024-11-17T16:13:52.177Z] <<< [apiv2][status] POST https://firebasehosting.googleapis.com/v1beta1/projects/-/sites/otocare-b16fa/versions 200
[debug] [2024-11-17T16:13:52.179Z] <<< [apiv2][body] POST https://firebasehosting.googleapis.com/v1beta1/projects/-/sites/otocare-b16fa/versions {"name":"projects/124104424279/sites/otocare-b16fa/versions/1f71fad2f1290615","status":"CREATED","config":{},"labels":{"deployment-tool":"cli-firebase"}}
[info] i  hosting[otocare-b16fa]: beginning deploy... 
[info] i  hosting[otocare-b16fa]: found 83 files in dist 
[debug] [2024-11-17T16:13:52.223Z] [hosting] uploading with 200 concurrency
[debug] [2024-11-17T16:13:52.250Z] Checked if tokens are valid: true, expires at: 1731862304562
[debug] [2024-11-17T16:13:52.251Z] Checked if tokens are valid: true, expires at: 1731862304562
[debug] [2024-11-17T16:13:52.253Z] [hosting] hash cache [ZGlzdA] stored for 83 files
[debug] [2024-11-17T16:13:52.253Z] [hosting][hash queue][FINAL] {"max":21,"min":1,"avg":3.9800417175903617,"active":0,"complete":83,"success":83,"errored":0,"retried":0,"total":83,"elapsed":29}
[debug] [2024-11-17T16:13:52.254Z] >>> [apiv2][query] POST https://firebasehosting.googleapis.com/v1beta1/projects/124104424279/sites/otocare-b16fa/versions/1f71fad2f1290615:populateFiles [none]
[debug] [2024-11-17T16:13:52.254Z] >>> [apiv2][body] POST https://firebasehosting.googleapis.com/v1beta1/projects/124104424279/sites/otocare-b16fa/versions/1f71fad2f1290615:populateFiles {"files":{"/X.png":"47ab5692bd0d5f8123f0a3ae987f21bc445c456ebeeb7fb063efe8b0c7fbfe0f","/Whatsapp.png":"c1e9be06ed4701ab981fb17962af84dac4acc519cd1345296e4c17a0abdfc62a","/visa.png":"8875cbdba8ee64bad538b8284407772b01da3077470516411e8aacc3cda9368a","/TireReplace.jpg":"5a31ce13c1fd11d8e9380744f522d4aca5f9017988d6808da3d0f016146a8551","/Star.png":"2a59963b2b8f25190a10d234ed71f88bece9c49f9af2e84224f155ac6fa176a8","/squiggle.png":"79a5b61105ca2d8f067860c35b63b6d44e1eb306d03c1a3ad769cf40d66da292","/ServicesHeroBG.png":"1e7379a083bc01ddf5d69fd710cca6f046164e4986ab623ec2f08018ad18bc82","/RepairShopBanner.png":"2e5bd6da8d2fb7f26f9bcca25035275daeb91f358fcf76dbe69c0641f52170c8","/rating.png":"c7c75b69473d4c2b0c73d26a1a39c8571dfe5746a91c808d88828edefdf742fa","/qr.png":"19bd49659380f760c59d07aced1bfc763b437906c4811c1f266a35a2d9a2b3b2","/profilepic.jpg":"8db94c4387f63a7486ce35fce98925001f7f5a8e3937a38007bd43f0c1a5619c","/PaymentDetails.png":"72520277dc9d287345433400336a36a0cdc781f908f42aac751f91b379ce7433","/OilChange.jpg":"28c623ca1bd147cb1838e0805d6cdea4c5431fd1197959de8248f8b55c0eb76d","/Merchant.png":"f7ee6b60ebef0a3a9ca9c2c14c2df7e45f43ca656e0003dad024fd8cdb2bd62c","/mastercard.png":"311e674b6ccdf2d0e3f6cdc97b9b0dbd981c7ba4f24c25202ad33a04bf418ad0","/logo.png":"043581790c15e26ca5de99607b85602a4cddd3e3edaffd3539c964317f6db333","/logo-2.png":"3bce98bce93f709c14c2487f819ebd191b405e9ecfb804d890a9e2338136b362","/login.png":"0f4c0afdf4d01fbf86bb2918659f88f19c67562fa05e69748fa74b0261b08a97","/Instagram.png":"bea60510c89e060f6ae78907226328a53866e54f59d8502ee4c72f10a3ad35cf","/Confirmed.png":"ed110f530350bc758d2456f69154d8008a04a7fcf7035f3b26afde2b892ed22e","/BackArrow.png":"02d21462c5315654fd9e70880f001aa6e9b40b93a3a59ca241356329dc2f128e","/arrow.png":"fd870f417111a49d7690a59b3bbb63b8bff3d8f11d9eae022888bbd9afa4861c","/amex.png":"0e135d7e8e3bf0def19545b385729e660616e708e7f4b6fce47d1e30bbb787de","/american-express.png":"f3a0dcb4e10ff04d0448477d5f93cc8138dcf696681328e013db57a074020b23","/gambarservices/Wheel.png":"0c3d61bc73b5d2ef7a37a32a82551b943cb000fe39b2ea8a07e8f0c37abb5fb2","/gambarservices/Trusted.png":"3f737fcfb692f04f0b2372ef86aacb07774a0a8d60ab92ad14d399bffdf6692b","/gambarservices/TireService.jpg":"553aa06a31ce0dadebdc9d42bf499721677da2c370607cab2333bd1e1f8e37aa","/gambarservices/Personalized.png":"fb94df941ccdbe0a6d3dcf11c7135615814a262f85a7f10b2f8df59d26cb98bd","/gambarservices/OilService.jpg":"0b1b5261f79c35788ed5a75e609aeb6fc68ede4253bab8323fcde18024771e7d","/gambarservices/OilFluid.png":"0804ecc418c76481d8b17603375c770cde5ecef5121d72d682c4c1af84ca1f21","/gambarservices/Electrical.png":"35049ad6375735f0cec2d1b59cc07d6d3554c8f6217da49159efb04f00844366","/gambarservices/Craftmanship.png":"c1ae46f16c80865319870d812b40eaf19fb01dca7bb644b308f4dd788ffdbcba","/gambarservices/BatteryService.jpg":"56b0e95d41cb11f0a4dae0bfeb88944996e1c220e4c3b2d5dd82842daed1a0ae","/gambarrepairshops/card-9.jpg":"fcff336e492c691047894f6e4d539e239636dd7058ea8235aee1430f11638911","/gambarrepairshops/card-8.jpg":"af431bbdf537e09d2795b158492ea59f53099949ea55d238f17ed096c8a5014a","/gambarrepairshops/card-7.jpg":"c530f054de927bb8675f9b05b83346e7ee2ffbb8985aa994ee2e8ab28c69006c","/gambarrepairshops/card-6.jpg":"72f83ccb09b9b9e6301ba25217454d6823bd6355559fac7fd6f0d2d170f9ca21","/gambarrepairshops/card-5.jpg":"8265d3cce29aa3e833bc28c21f722c8756d61672aa8e8da04e1d5a7492283cbd","/gambarrepairshops/card-4.jpg":"1ec97c3946aef9bc83fda3a8a7f420532c08112df1b876a88e1dd81551d58e4e","/gambarrepairshops/card-3.jpg":"8eeeb5df89f5554d899a788966869e1fc0d639e3389cb5125e5d81506969e15f","/gambarrepairshops/card-2.jpg":"c4c689d8b4949ba8e05cdbb5e5ca78183ff146408d8e4bebf7295580151720bd","/gambarrepairshops/card-1.jpg":"c802c39996d55f7ccfa737196f96c74ff9113eec512499e28f29455dd3203203","/gambarhome/testi-3.png":"83afab4251e027f0b1cbc5af02cebd706af3d0b187ae3537be40f6da6ac49657","/gambarhome/testi-2.png":"3ada005394bad62e5f708e49706172aef06537f9fb332bbee52e167e2cf18fcb","/gambarhome/testi-1.png":"b19537f91220ea602f04a0135e1d4c26f0cb058e373e6f9cf1e1ddad65b06b7f","/gambarhome/RedBullBanner.jpg":"b3d45d2fad2b126a847d4f3de49a0c8c3f642483babed6d60c886ab022358e4e","/gambarhome/price-icon.png":"2ee912fcd87e792cbeef3a1743a02f67c1cc640d7aa79584cfe8155057ba5b1d","/gambarhome/hsb.png":"ad10080e09d2cead121341369820c1557348dce66c978882708bb2dfe3490221","/gambarhome/hotline.png":"717232a72e815c3827b9b810a96c077d8e0662fb0bbcdb054e85a90db91dbe60","/gambarhome/guarantee-icon.png":"6c31bbddb1e78fd9e3c4c79b7a7e448753c7fa1bbb5f187c16f2cd4562d1196b","/gambarhome/certified-icon.png":"53da9b26f5601272ba933feb322582c6ec487c3ba1edb7cafa4f876fad704036","/gambarhome/AboutUs-img2.png":"698326da511a8f100accd00327bd8f520c25e8d923f23c2eb0ccc95e441dd2fe","/gambarhome/AboutUs-img1.png":"798833f69766174a02b55d329ade4205ae58ea9dd13fc4da7a3fc0fa76b48ca7","/assets/workshop-home-Q8-HuMHI.js":"e103948c84779bfab79cf163be57c3e9689e5d8f180863ae8e788eee7c355583","/assets/workshop-home-BkWPE2Oe.css":"fb7bcebca5b7f8999f497e34dd90249b760b27f9337de01bad85ab209eb94c46","/index.html":"440012896107d4b65f34cced9551c4e408ed5b50f9c32b4fdaaca22012e7c257","/assets/Services-DED-uxbG.css":"72b98134de66099b896aad05943f4ed0dbb5d1689b82f52eb6bb5570371239f9","/assets/ShopServices-4nc7EzyE.js":"1a88a742a9db7a6eda51a2043e5b98083ee746f3afd9b9cd50b8e92ef0193cce","/assets/Services-BM63NvOo.js":"8b3e86a30ee3f9b2893e85d428b5f9af9b73184f3672d848ff1d002a15080da1","/assets/RepairShops-4fTQHi86.js":"f4c1aaf2ca57954e7b218235b7f6ac6f70549650be438eb56cdeaefcac6cf718","/assets/RepairShopBanner-BrfGsCig.js":"923a777e12fe2f2a3a9f40754b56f19eb0be450956226e70db7351194d611eee","/assets/RepairShops-CM2kM2Tv.css":"b2d2565fa5a910f70bc297273dee483e2c32a57cb56c3267812306ed20eab54c","/assets/ShopServices-xQkRlU-u.css":"e8432d9ad45e1b135ea3e0b70bfc011f499ac1cb40c5c266921767bc0d360ffb","/assets/ProfilePage-Ck3d9sFv.js":"9d5a800692a757559c72f8fef5cd798f694bd4c7c7d28e2b2d131963a9be3f2a","/assets/ProfilePage-C43U_Hdt.css":"b9e0af45de8f9ab213348c1fa72597f5cb3aa4521db06d88f72db1b3eba2ad9f","/assets/PaymentPage-Dy1T2ah1.css":"1a88a9defbb5e5e3bdeade3e5bfb74ad080bbbbc18d51f8274f110b084d3d647","/assets/RepairShopBanner-B9NWN83X.css":"17caf5404f427268eec9690a4ec2de30b2c0a27346277c228541138f8037e450","/assets/PaymentDetails-BVirzLcv.css":"aa72275eadaaad6623daf73257655845ad2ff7fff546830dba6329b6992521fb","/assets/Orders-DJ9yEp1E.css":"bbdd8d0053ae9f1bbebd213ae264dc4f59ec73372a4fffcda6690009e9c52634","/assets/PaymentPage-Bh8yW3Mu.js":"1d65bf59a67034176e376a5390df92a614d0f9481ff82eeb53ac31df22e9055a","/assets/Orders-0adp7ZzF.js":"24d34e608ed1a5fe072778a51b4bbb8c634aa57097353a0ba03dbcfc80d46725","/assets/index-wpHdv7fd.css":"9945f5baf48e56f95b1c82864db38d31241426dec62d0ccb732f484e8095678c","/assets/HomePage-Crhjvdxt.js":"8cda5dc5c09268cd47fdc4746e9e2f74caae8f5541d88eaee3e5416078c32085","/assets/Footer-BnsvdSgx.css":"177591868ec51cda74173cd5c7b88ad26d26572f1a1b959e530df7b709e764aa","/assets/Footer-BNnanTqC.js":"a02692d04ef9752aaf73c7bc08c10301f2b7a9ecb47fd7d02f9df2e7e00d9449","/assets/ConfirmationPage-D3YrBy_t.css":"588dc1b890bf3f78e0ff35097c44297640e6cb829883cd99e40409cf02152067","/assets/index-V3VmGuDJ.js":"93b4b743494e863736703e0889113d93bf896a9b4e4b3f5a29a5b65284338c4f","/assets/ConfirmationPage-BZzcC701.js":"99ed1b64da0d090967cdb6ab211215152fa96263f268cf0a9df2200771151797","/assets/HomePage-Cd4cFfaN.css":"0d210633ce7f5fd4b81850f979eb49b4d9eba61a6026ef7f89f325f13e566d7f","/assets/Button-CHJCoweH.js":"7eb49ff7a456745f3bb880a5d2536d76269eb4f8903b3d5972b56b0d48927a9f","/assets/Button-BYI0c1sU.css":"0964a03d5bd5bf61877c7ae6cabcc00b9863b8b269bd6ed002309b4bcf422acd","/assets/vendor-react-D2XI2PP0.js":"84a884e0cde5b74b0d28d5f8853823a287b1670031f93bb3305970f7a5160939","/assets/vendor-firebase-Bd6e5iIs.js":"c4f9e85668a081e5ba3e504a58fe438b8fa79234674ef815fc173aa1eb291135"}}
[debug] [2024-11-17T16:13:52.813Z] <<< [apiv2][status] POST https://firebasehosting.googleapis.com/v1beta1/projects/124104424279/sites/otocare-b16fa/versions/1f71fad2f1290615:populateFiles 200
[debug] [2024-11-17T16:13:52.816Z] <<< [apiv2][body] POST https://firebasehosting.googleapis.com/v1beta1/projects/124104424279/sites/otocare-b16fa/versions/1f71fad2f1290615:populateFiles {"uploadRequiredHashes":["bbdd8d0053ae9f1bbebd213ae264dc4f59ec73372a4fffcda6690009e9c52634","923a777e12fe2f2a3a9f40754b56f19eb0be450956226e70db7351194d611eee","9d5a800692a757559c72f8fef5cd798f694bd4c7c7d28e2b2d131963a9be3f2a","a02692d04ef9752aaf73c7bc08c10301f2b7a9ecb47fd7d02f9df2e7e00d9449","c4f9e85668a081e5ba3e504a58fe438b8fa79234674ef815fc173aa1eb291135","84a884e0cde5b74b0d28d5f8853823a287b1670031f93bb3305970f7a5160939","1a88a9defbb5e5e3bdeade3e5bfb74ad080bbbbc18d51f8274f110b084d3d647","f4c1aaf2ca57954e7b218235b7f6ac6f70549650be438eb56cdeaefcac6cf718","0964a03d5bd5bf61877c7ae6cabcc00b9863b8b269bd6ed002309b4bcf422acd","1d65bf59a67034176e376a5390df92a614d0f9481ff82eeb53ac31df22e9055a","0d210633ce7f5fd4b81850f979eb49b4d9eba61a6026ef7f89f325f13e566d7f","93b4b743494e863736703e0889113d93bf896a9b4e4b3f5a29a5b65284338c4f","72b98134de66099b896aad05943f4ed0dbb5d1689b82f52eb6bb5570371239f9","e103948c84779bfab79cf163be57c3e9689e5d8f180863ae8e788eee7c355583","24d34e608ed1a5fe072778a51b4bbb8c634aa57097353a0ba03dbcfc80d46725","e8432d9ad45e1b135ea3e0b70bfc011f499ac1cb40c5c266921767bc0d360ffb","7eb49ff7a456745f3bb880a5d2536d76269eb4f8903b3d5972b56b0d48927a9f","177591868ec51cda74173cd5c7b88ad26d26572f1a1b959e530df7b709e764aa","440012896107d4b65f34cced9551c4e408ed5b50f9c32b4fdaaca22012e7c257","fb7bcebca5b7f8999f497e34dd90249b760b27f9337de01bad85ab209eb94c46","588dc1b890bf3f78e0ff35097c44297640e6cb829883cd99e40409cf02152067","17caf5404f427268eec9690a4ec2de30b2c0a27346277c228541138f8037e450","8cda5dc5c09268cd47fdc4746e9e2f74caae8f5541d88eaee3e5416078c32085","9945f5baf48e56f95b1c82864db38d31241426dec62d0ccb732f484e8095678c","b9e0af45de8f9ab213348c1fa72597f5cb3aa4521db06d88f72db1b3eba2ad9f","99ed1b64da0d090967cdb6ab211215152fa96263f268cf0a9df2200771151797","1a88a742a9db7a6eda51a2043e5b98083ee746f3afd9b9cd50b8e92ef0193cce","b2d2565fa5a910f70bc297273dee483e2c32a57cb56c3267812306ed20eab54c","8b3e86a30ee3f9b2893e85d428b5f9af9b73184f3672d848ff1d002a15080da1","aa72275eadaaad6623daf73257655845ad2ff7fff546830dba6329b6992521fb"],"uploadUrl":"https://upload-firebasehosting.googleapis.com/upload/sites/otocare-b16fa/versions/1f71fad2f1290615/files"}
[debug] [2024-11-17T16:13:52.821Z] Checked if tokens are valid: true, expires at: 1731862304562
[debug] [2024-11-17T16:13:52.824Z] Checked if tokens are valid: true, expires at: 1731862304562
[debug] [2024-11-17T16:13:52.826Z] Checked if tokens are valid: true, expires at: 1731862304562
[debug] [2024-11-17T16:13:52.830Z] Checked if tokens are valid: true, expires at: 1731862304562
[debug] [2024-11-17T16:13:52.833Z] Checked if tokens are valid: true, expires at: 1731862304562
[debug] [2024-11-17T16:13:52.835Z] Checked if tokens are valid: true, expires at: 1731862304562
[debug] [2024-11-17T16:13:52.837Z] Checked if tokens are valid: true, expires at: 1731862304562
[debug] [2024-11-17T16:13:52.838Z] Checked if tokens are valid: true, expires at: 1731862304562
[debug] [2024-11-17T16:13:52.840Z] Checked if tokens are valid: true, expires at: 1731862304562
[debug] [2024-11-17T16:13:52.841Z] Checked if tokens are valid: true, expires at: 1731862304562
[debug] [2024-11-17T16:13:52.842Z] Checked if tokens are valid: true, expires at: 1731862304562
[debug] [2024-11-17T16:13:52.843Z] Checked if tokens are valid: true, expires at: 1731862304562
[debug] [2024-11-17T16:13:52.844Z] Checked if tokens are valid: true, expires at: 1731862304562
[debug] [2024-11-17T16:13:52.845Z] Checked if tokens are valid: true, expires at: 1731862304562
[debug] [2024-11-17T16:13:52.847Z] Checked if tokens are valid: true, expires at: 1731862304562
[debug] [2024-11-17T16:13:52.848Z] Checked if tokens are valid: true, expires at: 1731862304562
[debug] [2024-11-17T16:13:52.849Z] Checked if tokens are valid: true, expires at: 1731862304562
[debug] [2024-11-17T16:13:52.850Z] Checked if tokens are valid: true, expires at: 1731862304562
[debug] [2024-11-17T16:13:52.851Z] Checked if tokens are valid: true, expires at: 1731862304562
[debug] [2024-11-17T16:13:52.853Z] Checked if tokens are valid: true, expires at: 1731862304562
[debug] [2024-11-17T16:13:52.856Z] Checked if tokens are valid: true, expires at: 1731862304562
[debug] [2024-11-17T16:13:52.856Z] Checked if tokens are valid: true, expires at: 1731862304562
[debug] [2024-11-17T16:13:52.857Z] Checked if tokens are valid: true, expires at: 1731862304562
[debug] [2024-11-17T16:13:52.858Z] Checked if tokens are valid: true, expires at: 1731862304562
[debug] [2024-11-17T16:13:52.859Z] Checked if tokens are valid: true, expires at: 1731862304562
[debug] [2024-11-17T16:13:52.859Z] Checked if tokens are valid: true, expires at: 1731862304562
[debug] [2024-11-17T16:13:52.860Z] Checked if tokens are valid: true, expires at: 1731862304562
[debug] [2024-11-17T16:13:52.860Z] Checked if tokens are valid: true, expires at: 1731862304562
[debug] [2024-11-17T16:13:52.861Z] Checked if tokens are valid: true, expires at: 1731862304562
[debug] [2024-11-17T16:13:52.861Z] Checked if tokens are valid: true, expires at: 1731862304562
[debug] [2024-11-17T16:13:52.862Z] Checked if tokens are valid: true, expires at: 1731862304562
[debug] [2024-11-17T16:13:52.862Z] Checked if tokens are valid: true, expires at: 1731862304562
[debug] [2024-11-17T16:13:52.862Z] Checked if tokens are valid: true, expires at: 1731862304562
[debug] [2024-11-17T16:13:52.863Z] Checked if tokens are valid: true, expires at: 1731862304562
[debug] [2024-11-17T16:13:52.863Z] Checked if tokens are valid: true, expires at: 1731862304562
[debug] [2024-11-17T16:13:52.864Z] Checked if tokens are valid: true, expires at: 1731862304562
[debug] [2024-11-17T16:13:52.864Z] Checked if tokens are valid: true, expires at: 1731862304562
[debug] [2024-11-17T16:13:52.864Z] Checked if tokens are valid: true, expires at: 1731862304562
[debug] [2024-11-17T16:13:52.865Z] Checked if tokens are valid: true, expires at: 1731862304562
[debug] [2024-11-17T16:13:52.865Z] Checked if tokens are valid: true, expires at: 1731862304562
[debug] [2024-11-17T16:13:52.866Z] Checked if tokens are valid: true, expires at: 1731862304562
[debug] [2024-11-17T16:13:52.867Z] Checked if tokens are valid: true, expires at: 1731862304562
[debug] [2024-11-17T16:13:52.867Z] Checked if tokens are valid: true, expires at: 1731862304562
[debug] [2024-11-17T16:13:52.868Z] Checked if tokens are valid: true, expires at: 1731862304562
[debug] [2024-11-17T16:13:52.868Z] Checked if tokens are valid: true, expires at: 1731862304562
[debug] [2024-11-17T16:13:52.868Z] Checked if tokens are valid: true, expires at: 1731862304562
[debug] [2024-11-17T16:13:52.869Z] Checked if tokens are valid: true, expires at: 1731862304562
[debug] [2024-11-17T16:13:52.869Z] Checked if tokens are valid: true, expires at: 1731862304562
[debug] [2024-11-17T16:13:52.869Z] Checked if tokens are valid: true, expires at: 1731862304562
[debug] [2024-11-17T16:13:52.870Z] Checked if tokens are valid: true, expires at: 1731862304562
[debug] [2024-11-17T16:13:52.870Z] Checked if tokens are valid: true, expires at: 1731862304562
[debug] [2024-11-17T16:13:52.870Z] Checked if tokens are valid: true, expires at: 1731862304562
[debug] [2024-11-17T16:13:52.871Z] Checked if tokens are valid: true, expires at: 1731862304562
[debug] [2024-11-17T16:13:52.871Z] Checked if tokens are valid: true, expires at: 1731862304562
[debug] [2024-11-17T16:13:52.871Z] Checked if tokens are valid: true, expires at: 1731862304562
[debug] [2024-11-17T16:13:52.871Z] Checked if tokens are valid: true, expires at: 1731862304562
[debug] [2024-11-17T16:13:52.872Z] Checked if tokens are valid: true, expires at: 1731862304562
[debug] [2024-11-17T16:13:52.872Z] Checked if tokens are valid: true, expires at: 1731862304562
[debug] [2024-11-17T16:13:52.872Z] Checked if tokens are valid: true, expires at: 1731862304562
[debug] [2024-11-17T16:13:52.872Z] Checked if tokens are valid: true, expires at: 1731862304562
[debug] [2024-11-17T16:13:52.873Z] >>> [apiv2][query] POST https://upload-firebasehosting.googleapis.com/upload/sites/otocare-b16fa/versions/1f71fad2f1290615/files/bbdd8d0053ae9f1bbebd213ae264dc4f59ec73372a4fffcda6690009e9c52634 [none]
[debug] [2024-11-17T16:13:52.873Z] >>> [apiv2][body] POST https://upload-firebasehosting.googleapis.com/upload/sites/otocare-b16fa/versions/1f71fad2f1290615/files/bbdd8d0053ae9f1bbebd213ae264dc4f59ec73372a4fffcda6690009e9c52634 [stream]
[debug] [2024-11-17T16:13:52.874Z] >>> [apiv2][query] POST https://upload-firebasehosting.googleapis.com/upload/sites/otocare-b16fa/versions/1f71fad2f1290615/files/923a777e12fe2f2a3a9f40754b56f19eb0be450956226e70db7351194d611eee [none]
[debug] [2024-11-17T16:13:52.874Z] >>> [apiv2][body] POST https://upload-firebasehosting.googleapis.com/upload/sites/otocare-b16fa/versions/1f71fad2f1290615/files/923a777e12fe2f2a3a9f40754b56f19eb0be450956226e70db7351194d611eee [stream]
[debug] [2024-11-17T16:13:52.875Z] >>> [apiv2][query] POST https://upload-firebasehosting.googleapis.com/upload/sites/otocare-b16fa/versions/1f71fad2f1290615/files/9d5a800692a757559c72f8fef5cd798f694bd4c7c7d28e2b2d131963a9be3f2a [none]
[debug] [2024-11-17T16:13:52.876Z] >>> [apiv2][body] POST https://upload-firebasehosting.googleapis.com/upload/sites/otocare-b16fa/versions/1f71fad2f1290615/files/9d5a800692a757559c72f8fef5cd798f694bd4c7c7d28e2b2d131963a9be3f2a [stream]
[debug] [2024-11-17T16:13:52.876Z] >>> [apiv2][query] POST https://upload-firebasehosting.googleapis.com/upload/sites/otocare-b16fa/versions/1f71fad2f1290615/files/a02692d04ef9752aaf73c7bc08c10301f2b7a9ecb47fd7d02f9df2e7e00d9449 [none]
[debug] [2024-11-17T16:13:52.877Z] >>> [apiv2][body] POST https://upload-firebasehosting.googleapis.com/upload/sites/otocare-b16fa/versions/1f71fad2f1290615/files/a02692d04ef9752aaf73c7bc08c10301f2b7a9ecb47fd7d02f9df2e7e00d9449 [stream]
[debug] [2024-11-17T16:13:52.877Z] >>> [apiv2][query] POST https://upload-firebasehosting.googleapis.com/upload/sites/otocare-b16fa/versions/1f71fad2f1290615/files/c4f9e85668a081e5ba3e504a58fe438b8fa79234674ef815fc173aa1eb291135 [none]
[debug] [2024-11-17T16:13:52.878Z] >>> [apiv2][body] POST https://upload-firebasehosting.googleapis.com/upload/sites/otocare-b16fa/versions/1f71fad2f1290615/files/c4f9e85668a081e5ba3e504a58fe438b8fa79234674ef815fc173aa1eb291135 [stream]
[debug] [2024-11-17T16:13:52.878Z] >>> [apiv2][query] POST https://upload-firebasehosting.googleapis.com/upload/sites/otocare-b16fa/versions/1f71fad2f1290615/files/84a884e0cde5b74b0d28d5f8853823a287b1670031f93bb3305970f7a5160939 [none]
[debug] [2024-11-17T16:13:52.878Z] >>> [apiv2][body] POST https://upload-firebasehosting.googleapis.com/upload/sites/otocare-b16fa/versions/1f71fad2f1290615/files/84a884e0cde5b74b0d28d5f8853823a287b1670031f93bb3305970f7a5160939 [stream]
[debug] [2024-11-17T16:13:52.879Z] >>> [apiv2][query] POST https://upload-firebasehosting.googleapis.com/upload/sites/otocare-b16fa/versions/1f71fad2f1290615/files/1a88a9defbb5e5e3bdeade3e5bfb74ad080bbbbc18d51f8274f110b084d3d647 [none]
[debug] [2024-11-17T16:13:52.880Z] >>> [apiv2][body] POST https://upload-firebasehosting.googleapis.com/upload/sites/otocare-b16fa/versions/1f71fad2f1290615/files/1a88a9defbb5e5e3bdeade3e5bfb74ad080bbbbc18d51f8274f110b084d3d647 [stream]
[debug] [2024-11-17T16:13:52.881Z] >>> [apiv2][query] POST https://upload-firebasehosting.googleapis.com/upload/sites/otocare-b16fa/versions/1f71fad2f1290615/files/f4c1aaf2ca57954e7b218235b7f6ac6f70549650be438eb56cdeaefcac6cf718 [none]
[debug] [2024-11-17T16:13:52.881Z] >>> [apiv2][body] POST https://upload-firebasehosting.googleapis.com/upload/sites/otocare-b16fa/versions/1f71fad2f1290615/files/f4c1aaf2ca57954e7b218235b7f6ac6f70549650be438eb56cdeaefcac6cf718 [stream]
[debug] [2024-11-17T16:13:52.882Z] >>> [apiv2][query] POST https://upload-firebasehosting.googleapis.com/upload/sites/otocare-b16fa/versions/1f71fad2f1290615/files/0964a03d5bd5bf61877c7ae6cabcc00b9863b8b269bd6ed002309b4bcf422acd [none]
[debug] [2024-11-17T16:13:52.882Z] >>> [apiv2][body] POST https://upload-firebasehosting.googleapis.com/upload/sites/otocare-b16fa/versions/1f71fad2f1290615/files/0964a03d5bd5bf61877c7ae6cabcc00b9863b8b269bd6ed002309b4bcf422acd [stream]
[debug] [2024-11-17T16:13:52.883Z] >>> [apiv2][query] POST https://upload-firebasehosting.googleapis.com/upload/sites/otocare-b16fa/versions/1f71fad2f1290615/files/1d65bf59a67034176e376a5390df92a614d0f9481ff82eeb53ac31df22e9055a [none]
[debug] [2024-11-17T16:13:52.884Z] >>> [apiv2][body] POST https://upload-firebasehosting.googleapis.com/upload/sites/otocare-b16fa/versions/1f71fad2f1290615/files/1d65bf59a67034176e376a5390df92a614d0f9481ff82eeb53ac31df22e9055a [stream]
[debug] [2024-11-17T16:13:52.885Z] >>> [apiv2][query] POST https://upload-firebasehosting.googleapis.com/upload/sites/otocare-b16fa/versions/1f71fad2f1290615/files/0d210633ce7f5fd4b81850f979eb49b4d9eba61a6026ef7f89f325f13e566d7f [none]
[debug] [2024-11-17T16:13:52.886Z] >>> [apiv2][body] POST https://upload-firebasehosting.googleapis.com/upload/sites/otocare-b16fa/versions/1f71fad2f1290615/files/0d210633ce7f5fd4b81850f979eb49b4d9eba61a6026ef7f89f325f13e566d7f [stream]
[debug] [2024-11-17T16:13:52.887Z] >>> [apiv2][query] POST https://upload-firebasehosting.googleapis.com/upload/sites/otocare-b16fa/versions/1f71fad2f1290615/files/93b4b743494e863736703e0889113d93bf896a9b4e4b3f5a29a5b65284338c4f [none]
[debug] [2024-11-17T16:13:52.888Z] >>> [apiv2][body] POST https://upload-firebasehosting.googleapis.com/upload/sites/otocare-b16fa/versions/1f71fad2f1290615/files/93b4b743494e863736703e0889113d93bf896a9b4e4b3f5a29a5b65284338c4f [stream]
[debug] [2024-11-17T16:13:52.889Z] >>> [apiv2][query] POST https://upload-firebasehosting.googleapis.com/upload/sites/otocare-b16fa/versions/1f71fad2f1290615/files/72b98134de66099b896aad05943f4ed0dbb5d1689b82f52eb6bb5570371239f9 [none]
[debug] [2024-11-17T16:13:52.889Z] >>> [apiv2][body] POST https://upload-firebasehosting.googleapis.com/upload/sites/otocare-b16fa/versions/1f71fad2f1290615/files/72b98134de66099b896aad05943f4ed0dbb5d1689b82f52eb6bb5570371239f9 [stream]
[debug] [2024-11-17T16:13:52.890Z] >>> [apiv2][query] POST https://upload-firebasehosting.googleapis.com/upload/sites/otocare-b16fa/versions/1f71fad2f1290615/files/e103948c84779bfab79cf163be57c3e9689e5d8f180863ae8e788eee7c355583 [none]
[debug] [2024-11-17T16:13:52.890Z] >>> [apiv2][body] POST https://upload-firebasehosting.googleapis.com/upload/sites/otocare-b16fa/versions/1f71fad2f1290615/files/e103948c84779bfab79cf163be57c3e9689e5d8f180863ae8e788eee7c355583 [stream]
[debug] [2024-11-17T16:13:52.891Z] >>> [apiv2][query] POST https://upload-firebasehosting.googleapis.com/upload/sites/otocare-b16fa/versions/1f71fad2f1290615/files/24d34e608ed1a5fe072778a51b4bbb8c634aa57097353a0ba03dbcfc80d46725 [none]
[debug] [2024-11-17T16:13:52.891Z] >>> [apiv2][body] POST https://upload-firebasehosting.googleapis.com/upload/sites/otocare-b16fa/versions/1f71fad2f1290615/files/24d34e608ed1a5fe072778a51b4bbb8c634aa57097353a0ba03dbcfc80d46725 [stream]
[debug] [2024-11-17T16:13:52.892Z] >>> [apiv2][query] POST https://upload-firebasehosting.googleapis.com/upload/sites/otocare-b16fa/versions/1f71fad2f1290615/files/e8432d9ad45e1b135ea3e0b70bfc011f499ac1cb40c5c266921767bc0d360ffb [none]
[debug] [2024-11-17T16:13:52.892Z] >>> [apiv2][body] POST https://upload-firebasehosting.googleapis.com/upload/sites/otocare-b16fa/versions/1f71fad2f1290615/files/e8432d9ad45e1b135ea3e0b70bfc011f499ac1cb40c5c266921767bc0d360ffb [stream]
[debug] [2024-11-17T16:13:52.892Z] >>> [apiv2][query] POST https://upload-firebasehosting.googleapis.com/upload/sites/otocare-b16fa/versions/1f71fad2f1290615/files/7eb49ff7a456745f3bb880a5d2536d76269eb4f8903b3d5972b56b0d48927a9f [none]
[debug] [2024-11-17T16:13:52.893Z] >>> [apiv2][body] POST https://upload-firebasehosting.googleapis.com/upload/sites/otocare-b16fa/versions/1f71fad2f1290615/files/7eb49ff7a456745f3bb880a5d2536d76269eb4f8903b3d5972b56b0d48927a9f [stream]
[debug] [2024-11-17T16:13:52.893Z] >>> [apiv2][query] POST https://upload-firebasehosting.googleapis.com/upload/sites/otocare-b16fa/versions/1f71fad2f1290615/files/177591868ec51cda74173cd5c7b88ad26d26572f1a1b959e530df7b709e764aa [none]
[debug] [2024-11-17T16:13:52.894Z] >>> [apiv2][body] POST https://upload-firebasehosting.googleapis.com/upload/sites/otocare-b16fa/versions/1f71fad2f1290615/files/177591868ec51cda74173cd5c7b88ad26d26572f1a1b959e530df7b709e764aa [stream]
[debug] [2024-11-17T16:13:52.895Z] >>> [apiv2][query] POST https://upload-firebasehosting.googleapis.com/upload/sites/otocare-b16fa/versions/1f71fad2f1290615/files/440012896107d4b65f34cced9551c4e408ed5b50f9c32b4fdaaca22012e7c257 [none]
[debug] [2024-11-17T16:13:52.895Z] >>> [apiv2][body] POST https://upload-firebasehosting.googleapis.com/upload/sites/otocare-b16fa/versions/1f71fad2f1290615/files/440012896107d4b65f34cced9551c4e408ed5b50f9c32b4fdaaca22012e7c257 [stream]
[debug] [2024-11-17T16:13:52.896Z] >>> [apiv2][query] POST https://upload-firebasehosting.googleapis.com/upload/sites/otocare-b16fa/versions/1f71fad2f1290615/files/fb7bcebca5b7f8999f497e34dd90249b760b27f9337de01bad85ab209eb94c46 [none]
[debug] [2024-11-17T16:13:52.896Z] >>> [apiv2][body] POST https://upload-firebasehosting.googleapis.com/upload/sites/otocare-b16fa/versions/1f71fad2f1290615/files/fb7bcebca5b7f8999f497e34dd90249b760b27f9337de01bad85ab209eb94c46 [stream]
[debug] [2024-11-17T16:13:52.897Z] >>> [apiv2][query] POST https://upload-firebasehosting.googleapis.com/upload/sites/otocare-b16fa/versions/1f71fad2f1290615/files/588dc1b890bf3f78e0ff35097c44297640e6cb829883cd99e40409cf02152067 [none]
[debug] [2024-11-17T16:13:52.897Z] >>> [apiv2][body] POST https://upload-firebasehosting.googleapis.com/upload/sites/otocare-b16fa/versions/1f71fad2f1290615/files/588dc1b890bf3f78e0ff35097c44297640e6cb829883cd99e40409cf02152067 [stream]
[debug] [2024-11-17T16:13:52.898Z] >>> [apiv2][query] POST https://upload-firebasehosting.googleapis.com/upload/sites/otocare-b16fa/versions/1f71fad2f1290615/files/17caf5404f427268eec9690a4ec2de30b2c0a27346277c228541138f8037e450 [none]
[debug] [2024-11-17T16:13:52.898Z] >>> [apiv2][body] POST https://upload-firebasehosting.googleapis.com/upload/sites/otocare-b16fa/versions/1f71fad2f1290615/files/17caf5404f427268eec9690a4ec2de30b2c0a27346277c228541138f8037e450 [stream]
[debug] [2024-11-17T16:13:52.899Z] >>> [apiv2][query] POST https://upload-firebasehosting.googleapis.com/upload/sites/otocare-b16fa/versions/1f71fad2f1290615/files/8cda5dc5c09268cd47fdc4746e9e2f74caae8f5541d88eaee3e5416078c32085 [none]
[debug] [2024-11-17T16:13:52.899Z] >>> [apiv2][body] POST https://upload-firebasehosting.googleapis.com/upload/sites/otocare-b16fa/versions/1f71fad2f1290615/files/8cda5dc5c09268cd47fdc4746e9e2f74caae8f5541d88eaee3e5416078c32085 [stream]
[debug] [2024-11-17T16:13:52.900Z] >>> [apiv2][query] POST https://upload-firebasehosting.googleapis.com/upload/sites/otocare-b16fa/versions/1f71fad2f1290615/files/9945f5baf48e56f95b1c82864db38d31241426dec62d0ccb732f484e8095678c [none]
[debug] [2024-11-17T16:13:52.901Z] >>> [apiv2][body] POST https://upload-firebasehosting.googleapis.com/upload/sites/otocare-b16fa/versions/1f71fad2f1290615/files/9945f5baf48e56f95b1c82864db38d31241426dec62d0ccb732f484e8095678c [stream]
[debug] [2024-11-17T16:13:52.902Z] >>> [apiv2][query] POST https://upload-firebasehosting.googleapis.com/upload/sites/otocare-b16fa/versions/1f71fad2f1290615/files/b9e0af45de8f9ab213348c1fa72597f5cb3aa4521db06d88f72db1b3eba2ad9f [none]
[debug] [2024-11-17T16:13:52.902Z] >>> [apiv2][body] POST https://upload-firebasehosting.googleapis.com/upload/sites/otocare-b16fa/versions/1f71fad2f1290615/files/b9e0af45de8f9ab213348c1fa72597f5cb3aa4521db06d88f72db1b3eba2ad9f [stream]
[debug] [2024-11-17T16:13:52.903Z] >>> [apiv2][query] POST https://upload-firebasehosting.googleapis.com/upload/sites/otocare-b16fa/versions/1f71fad2f1290615/files/99ed1b64da0d090967cdb6ab211215152fa96263f268cf0a9df2200771151797 [none]
[debug] [2024-11-17T16:13:52.904Z] >>> [apiv2][body] POST https://upload-firebasehosting.googleapis.com/upload/sites/otocare-b16fa/versions/1f71fad2f1290615/files/99ed1b64da0d090967cdb6ab211215152fa96263f268cf0a9df2200771151797 [stream]
[debug] [2024-11-17T16:13:52.904Z] >>> [apiv2][query] POST https://upload-firebasehosting.googleapis.com/upload/sites/otocare-b16fa/versions/1f71fad2f1290615/files/1a88a742a9db7a6eda51a2043e5b98083ee746f3afd9b9cd50b8e92ef0193cce [none]
[debug] [2024-11-17T16:13:52.905Z] >>> [apiv2][body] POST https://upload-firebasehosting.googleapis.com/upload/sites/otocare-b16fa/versions/1f71fad2f1290615/files/1a88a742a9db7a6eda51a2043e5b98083ee746f3afd9b9cd50b8e92ef0193cce [stream]
[debug] [2024-11-17T16:13:52.906Z] >>> [apiv2][query] POST https://upload-firebasehosting.googleapis.com/upload/sites/otocare-b16fa/versions/1f71fad2f1290615/files/b2d2565fa5a910f70bc297273dee483e2c32a57cb56c3267812306ed20eab54c [none]
[debug] [2024-11-17T16:13:52.906Z] >>> [apiv2][body] POST https://upload-firebasehosting.googleapis.com/upload/sites/otocare-b16fa/versions/1f71fad2f1290615/files/b2d2565fa5a910f70bc297273dee483e2c32a57cb56c3267812306ed20eab54c [stream]
[debug] [2024-11-17T16:13:52.907Z] >>> [apiv2][query] POST https://upload-firebasehosting.googleapis.com/upload/sites/otocare-b16fa/versions/1f71fad2f1290615/files/8b3e86a30ee3f9b2893e85d428b5f9af9b73184f3672d848ff1d002a15080da1 [none]
[debug] [2024-11-17T16:13:52.907Z] >>> [apiv2][body] POST https://upload-firebasehosting.googleapis.com/upload/sites/otocare-b16fa/versions/1f71fad2f1290615/files/8b3e86a30ee3f9b2893e85d428b5f9af9b73184f3672d848ff1d002a15080da1 [stream]
[debug] [2024-11-17T16:13:52.908Z] >>> [apiv2][query] POST https://upload-firebasehosting.googleapis.com/upload/sites/otocare-b16fa/versions/1f71fad2f1290615/files/aa72275eadaaad6623daf73257655845ad2ff7fff546830dba6329b6992521fb [none]
[debug] [2024-11-17T16:13:52.908Z] >>> [apiv2][body] POST https://upload-firebasehosting.googleapis.com/upload/sites/otocare-b16fa/versions/1f71fad2f1290615/files/aa72275eadaaad6623daf73257655845ad2ff7fff546830dba6329b6992521fb [stream]
[debug] [2024-11-17T16:13:52.909Z] [hosting][populate queue][FINAL] {"max":623,"min":623,"avg":623,"active":0,"complete":1,"success":1,"errored":0,"retried":0,"total":1,"elapsed":659}
[debug] [2024-11-17T16:13:52.909Z] [hosting] uploads queued: 30
[debug] [2024-11-17T16:13:54.173Z] <<< [apiv2][status] POST https://upload-firebasehosting.googleapis.com/upload/sites/otocare-b16fa/versions/1f71fad2f1290615/files/b9e0af45de8f9ab213348c1fa72597f5cb3aa4521db06d88f72db1b3eba2ad9f 200
[debug] [2024-11-17T16:13:54.176Z] <<< [apiv2][body] POST https://upload-firebasehosting.googleapis.com/upload/sites/otocare-b16fa/versions/1f71fad2f1290615/files/b9e0af45de8f9ab213348c1fa72597f5cb3aa4521db06d88f72db1b3eba2ad9f [stream]
[debug] [2024-11-17T16:13:54.192Z] <<< [apiv2][status] POST https://upload-firebasehosting.googleapis.com/upload/sites/otocare-b16fa/versions/1f71fad2f1290615/files/0d210633ce7f5fd4b81850f979eb49b4d9eba61a6026ef7f89f325f13e566d7f 200
[debug] [2024-11-17T16:13:54.194Z] <<< [apiv2][body] POST https://upload-firebasehosting.googleapis.com/upload/sites/otocare-b16fa/versions/1f71fad2f1290615/files/0d210633ce7f5fd4b81850f979eb49b4d9eba61a6026ef7f89f325f13e566d7f [stream]
[debug] [2024-11-17T16:13:54.199Z] <<< [apiv2][status] POST https://upload-firebasehosting.googleapis.com/upload/sites/otocare-b16fa/versions/1f71fad2f1290615/files/24d34e608ed1a5fe072778a51b4bbb8c634aa57097353a0ba03dbcfc80d46725 200
[debug] [2024-11-17T16:13:54.201Z] <<< [apiv2][body] POST https://upload-firebasehosting.googleapis.com/upload/sites/otocare-b16fa/versions/1f71fad2f1290615/files/24d34e608ed1a5fe072778a51b4bbb8c634aa57097353a0ba03dbcfc80d46725 [stream]
[debug] [2024-11-17T16:13:54.220Z] <<< [apiv2][status] POST https://upload-firebasehosting.googleapis.com/upload/sites/otocare-b16fa/versions/1f71fad2f1290615/files/f4c1aaf2ca57954e7b218235b7f6ac6f70549650be438eb56cdeaefcac6cf718 200
[debug] [2024-11-17T16:13:54.222Z] <<< [apiv2][body] POST https://upload-firebasehosting.googleapis.com/upload/sites/otocare-b16fa/versions/1f71fad2f1290615/files/f4c1aaf2ca57954e7b218235b7f6ac6f70549650be438eb56cdeaefcac6cf718 [stream]
[info] i  hosting: uploading new files [4/30] (13%) 
[debug] [2024-11-17T16:13:54.231Z] <<< [apiv2][status] POST https://upload-firebasehosting.googleapis.com/upload/sites/otocare-b16fa/versions/1f71fad2f1290615/files/fb7bcebca5b7f8999f497e34dd90249b760b27f9337de01bad85ab209eb94c46 200
[debug] [2024-11-17T16:13:54.233Z] <<< [apiv2][body] POST https://upload-firebasehosting.googleapis.com/upload/sites/otocare-b16fa/versions/1f71fad2f1290615/files/fb7bcebca5b7f8999f497e34dd90249b760b27f9337de01bad85ab209eb94c46 [stream]
[debug] [2024-11-17T16:13:54.239Z] <<< [apiv2][status] POST https://upload-firebasehosting.googleapis.com/upload/sites/otocare-b16fa/versions/1f71fad2f1290615/files/9d5a800692a757559c72f8fef5cd798f694bd4c7c7d28e2b2d131963a9be3f2a 200
[debug] [2024-11-17T16:13:54.240Z] <<< [apiv2][body] POST https://upload-firebasehosting.googleapis.com/upload/sites/otocare-b16fa/versions/1f71fad2f1290615/files/9d5a800692a757559c72f8fef5cd798f694bd4c7c7d28e2b2d131963a9be3f2a [stream]
[debug] [2024-11-17T16:13:54.246Z] <<< [apiv2][status] POST https://upload-firebasehosting.googleapis.com/upload/sites/otocare-b16fa/versions/1f71fad2f1290615/files/72b98134de66099b896aad05943f4ed0dbb5d1689b82f52eb6bb5570371239f9 200
[debug] [2024-11-17T16:13:54.247Z] <<< [apiv2][body] POST https://upload-firebasehosting.googleapis.com/upload/sites/otocare-b16fa/versions/1f71fad2f1290615/files/72b98134de66099b896aad05943f4ed0dbb5d1689b82f52eb6bb5570371239f9 [stream]
[debug] [2024-11-17T16:13:54.249Z] <<< [apiv2][status] POST https://upload-firebasehosting.googleapis.com/upload/sites/otocare-b16fa/versions/1f71fad2f1290615/files/e8432d9ad45e1b135ea3e0b70bfc011f499ac1cb40c5c266921767bc0d360ffb 200
[debug] [2024-11-17T16:13:54.250Z] <<< [apiv2][body] POST https://upload-firebasehosting.googleapis.com/upload/sites/otocare-b16fa/versions/1f71fad2f1290615/files/e8432d9ad45e1b135ea3e0b70bfc011f499ac1cb40c5c266921767bc0d360ffb [stream]
[debug] [2024-11-17T16:13:54.251Z] <<< [apiv2][status] POST https://upload-firebasehosting.googleapis.com/upload/sites/otocare-b16fa/versions/1f71fad2f1290615/files/7eb49ff7a456745f3bb880a5d2536d76269eb4f8903b3d5972b56b0d48927a9f 200
[debug] [2024-11-17T16:13:54.252Z] <<< [apiv2][body] POST https://upload-firebasehosting.googleapis.com/upload/sites/otocare-b16fa/versions/1f71fad2f1290615/files/7eb49ff7a456745f3bb880a5d2536d76269eb4f8903b3d5972b56b0d48927a9f [stream]
[debug] [2024-11-17T16:13:54.255Z] <<< [apiv2][status] POST https://upload-firebasehosting.googleapis.com/upload/sites/otocare-b16fa/versions/1f71fad2f1290615/files/1d65bf59a67034176e376a5390df92a614d0f9481ff82eeb53ac31df22e9055a 200
[debug] [2024-11-17T16:13:54.256Z] <<< [apiv2][body] POST https://upload-firebasehosting.googleapis.com/upload/sites/otocare-b16fa/versions/1f71fad2f1290615/files/1d65bf59a67034176e376a5390df92a614d0f9481ff82eeb53ac31df22e9055a [stream]
[debug] [2024-11-17T16:13:54.258Z] <<< [apiv2][status] POST https://upload-firebasehosting.googleapis.com/upload/sites/otocare-b16fa/versions/1f71fad2f1290615/files/b2d2565fa5a910f70bc297273dee483e2c32a57cb56c3267812306ed20eab54c 200
[debug] [2024-11-17T16:13:54.259Z] <<< [apiv2][body] POST https://upload-firebasehosting.googleapis.com/upload/sites/otocare-b16fa/versions/1f71fad2f1290615/files/b2d2565fa5a910f70bc297273dee483e2c32a57cb56c3267812306ed20eab54c [stream]
[debug] [2024-11-17T16:13:54.260Z] <<< [apiv2][status] POST https://upload-firebasehosting.googleapis.com/upload/sites/otocare-b16fa/versions/1f71fad2f1290615/files/e103948c84779bfab79cf163be57c3e9689e5d8f180863ae8e788eee7c355583 200
[debug] [2024-11-17T16:13:54.260Z] <<< [apiv2][body] POST https://upload-firebasehosting.googleapis.com/upload/sites/otocare-b16fa/versions/1f71fad2f1290615/files/e103948c84779bfab79cf163be57c3e9689e5d8f180863ae8e788eee7c355583 [stream]
[debug] [2024-11-17T16:13:54.262Z] <<< [apiv2][status] POST https://upload-firebasehosting.googleapis.com/upload/sites/otocare-b16fa/versions/1f71fad2f1290615/files/aa72275eadaaad6623daf73257655845ad2ff7fff546830dba6329b6992521fb 200
[debug] [2024-11-17T16:13:54.262Z] <<< [apiv2][body] POST https://upload-firebasehosting.googleapis.com/upload/sites/otocare-b16fa/versions/1f71fad2f1290615/files/aa72275eadaaad6623daf73257655845ad2ff7fff546830dba6329b6992521fb [stream]
[debug] [2024-11-17T16:13:54.268Z] <<< [apiv2][status] POST https://upload-firebasehosting.googleapis.com/upload/sites/otocare-b16fa/versions/1f71fad2f1290615/files/bbdd8d0053ae9f1bbebd213ae264dc4f59ec73372a4fffcda6690009e9c52634 200
[debug] [2024-11-17T16:13:54.269Z] <<< [apiv2][body] POST https://upload-firebasehosting.googleapis.com/upload/sites/otocare-b16fa/versions/1f71fad2f1290615/files/bbdd8d0053ae9f1bbebd213ae264dc4f59ec73372a4fffcda6690009e9c52634 [stream]
[debug] [2024-11-17T16:13:54.272Z] <<< [apiv2][status] POST https://upload-firebasehosting.googleapis.com/upload/sites/otocare-b16fa/versions/1f71fad2f1290615/files/1a88a9defbb5e5e3bdeade3e5bfb74ad080bbbbc18d51f8274f110b084d3d647 200
[debug] [2024-11-17T16:13:54.273Z] <<< [apiv2][body] POST https://upload-firebasehosting.googleapis.com/upload/sites/otocare-b16fa/versions/1f71fad2f1290615/files/1a88a9defbb5e5e3bdeade3e5bfb74ad080bbbbc18d51f8274f110b084d3d647 [stream]
[debug] [2024-11-17T16:13:54.277Z] <<< [apiv2][status] POST https://upload-firebasehosting.googleapis.com/upload/sites/otocare-b16fa/versions/1f71fad2f1290615/files/440012896107d4b65f34cced9551c4e408ed5b50f9c32b4fdaaca22012e7c257 200
[debug] [2024-11-17T16:13:54.278Z] <<< [apiv2][body] POST https://upload-firebasehosting.googleapis.com/upload/sites/otocare-b16fa/versions/1f71fad2f1290615/files/440012896107d4b65f34cced9551c4e408ed5b50f9c32b4fdaaca22012e7c257 [stream]
[debug] [2024-11-17T16:13:54.289Z] <<< [apiv2][status] POST https://upload-firebasehosting.googleapis.com/upload/sites/otocare-b16fa/versions/1f71fad2f1290615/files/1a88a742a9db7a6eda51a2043e5b98083ee746f3afd9b9cd50b8e92ef0193cce 200
[debug] [2024-11-17T16:13:54.290Z] <<< [apiv2][body] POST https://upload-firebasehosting.googleapis.com/upload/sites/otocare-b16fa/versions/1f71fad2f1290615/files/1a88a742a9db7a6eda51a2043e5b98083ee746f3afd9b9cd50b8e92ef0193cce [stream]
[debug] [2024-11-17T16:13:54.292Z] <<< [apiv2][status] POST https://upload-firebasehosting.googleapis.com/upload/sites/otocare-b16fa/versions/1f71fad2f1290615/files/588dc1b890bf3f78e0ff35097c44297640e6cb829883cd99e40409cf02152067 200
[debug] [2024-11-17T16:13:54.293Z] <<< [apiv2][body] POST https://upload-firebasehosting.googleapis.com/upload/sites/otocare-b16fa/versions/1f71fad2f1290615/files/588dc1b890bf3f78e0ff35097c44297640e6cb829883cd99e40409cf02152067 [stream]
[debug] [2024-11-17T16:13:54.322Z] <<< [apiv2][status] POST https://upload-firebasehosting.googleapis.com/upload/sites/otocare-b16fa/versions/1f71fad2f1290615/files/a02692d04ef9752aaf73c7bc08c10301f2b7a9ecb47fd7d02f9df2e7e00d9449 200
[debug] [2024-11-17T16:13:54.324Z] <<< [apiv2][body] POST https://upload-firebasehosting.googleapis.com/upload/sites/otocare-b16fa/versions/1f71fad2f1290615/files/a02692d04ef9752aaf73c7bc08c10301f2b7a9ecb47fd7d02f9df2e7e00d9449 [stream]
[debug] [2024-11-17T16:13:54.334Z] <<< [apiv2][status] POST https://upload-firebasehosting.googleapis.com/upload/sites/otocare-b16fa/versions/1f71fad2f1290615/files/17caf5404f427268eec9690a4ec2de30b2c0a27346277c228541138f8037e450 200
[debug] [2024-11-17T16:13:54.336Z] <<< [apiv2][body] POST https://upload-firebasehosting.googleapis.com/upload/sites/otocare-b16fa/versions/1f71fad2f1290615/files/17caf5404f427268eec9690a4ec2de30b2c0a27346277c228541138f8037e450 [stream]
[debug] [2024-11-17T16:13:54.339Z] <<< [apiv2][status] POST https://upload-firebasehosting.googleapis.com/upload/sites/otocare-b16fa/versions/1f71fad2f1290615/files/99ed1b64da0d090967cdb6ab211215152fa96263f268cf0a9df2200771151797 200
[debug] [2024-11-17T16:13:54.340Z] <<< [apiv2][body] POST https://upload-firebasehosting.googleapis.com/upload/sites/otocare-b16fa/versions/1f71fad2f1290615/files/99ed1b64da0d090967cdb6ab211215152fa96263f268cf0a9df2200771151797 [stream]
[debug] [2024-11-17T16:13:54.353Z] <<< [apiv2][status] POST https://upload-firebasehosting.googleapis.com/upload/sites/otocare-b16fa/versions/1f71fad2f1290615/files/c4f9e85668a081e5ba3e504a58fe438b8fa79234674ef815fc173aa1eb291135 200
[debug] [2024-11-17T16:13:54.354Z] <<< [apiv2][body] POST https://upload-firebasehosting.googleapis.com/upload/sites/otocare-b16fa/versions/1f71fad2f1290615/files/c4f9e85668a081e5ba3e504a58fe438b8fa79234674ef815fc173aa1eb291135 [stream]
[debug] [2024-11-17T16:13:54.383Z] <<< [apiv2][status] POST https://upload-firebasehosting.googleapis.com/upload/sites/otocare-b16fa/versions/1f71fad2f1290615/files/8b3e86a30ee3f9b2893e85d428b5f9af9b73184f3672d848ff1d002a15080da1 200
[debug] [2024-11-17T16:13:54.384Z] <<< [apiv2][body] POST https://upload-firebasehosting.googleapis.com/upload/sites/otocare-b16fa/versions/1f71fad2f1290615/files/8b3e86a30ee3f9b2893e85d428b5f9af9b73184f3672d848ff1d002a15080da1 [stream]
[debug] [2024-11-17T16:13:54.387Z] <<< [apiv2][status] POST https://upload-firebasehosting.googleapis.com/upload/sites/otocare-b16fa/versions/1f71fad2f1290615/files/0964a03d5bd5bf61877c7ae6cabcc00b9863b8b269bd6ed002309b4bcf422acd 200
[debug] [2024-11-17T16:13:54.388Z] <<< [apiv2][body] POST https://upload-firebasehosting.googleapis.com/upload/sites/otocare-b16fa/versions/1f71fad2f1290615/files/0964a03d5bd5bf61877c7ae6cabcc00b9863b8b269bd6ed002309b4bcf422acd [stream]
[debug] [2024-11-17T16:13:54.424Z] <<< [apiv2][status] POST https://upload-firebasehosting.googleapis.com/upload/sites/otocare-b16fa/versions/1f71fad2f1290615/files/8cda5dc5c09268cd47fdc4746e9e2f74caae8f5541d88eaee3e5416078c32085 200
[debug] [2024-11-17T16:13:54.425Z] <<< [apiv2][body] POST https://upload-firebasehosting.googleapis.com/upload/sites/otocare-b16fa/versions/1f71fad2f1290615/files/8cda5dc5c09268cd47fdc4746e9e2f74caae8f5541d88eaee3e5416078c32085 [stream]
[debug] [2024-11-17T16:13:54.511Z] <<< [apiv2][status] POST https://upload-firebasehosting.googleapis.com/upload/sites/otocare-b16fa/versions/1f71fad2f1290615/files/84a884e0cde5b74b0d28d5f8853823a287b1670031f93bb3305970f7a5160939 200
[debug] [2024-11-17T16:13:54.513Z] <<< [apiv2][body] POST https://upload-firebasehosting.googleapis.com/upload/sites/otocare-b16fa/versions/1f71fad2f1290615/files/84a884e0cde5b74b0d28d5f8853823a287b1670031f93bb3305970f7a5160939 [stream]
[debug] [2024-11-17T16:13:54.531Z] <<< [apiv2][status] POST https://upload-firebasehosting.googleapis.com/upload/sites/otocare-b16fa/versions/1f71fad2f1290615/files/93b4b743494e863736703e0889113d93bf896a9b4e4b3f5a29a5b65284338c4f 200
[debug] [2024-11-17T16:13:54.533Z] <<< [apiv2][body] POST https://upload-firebasehosting.googleapis.com/upload/sites/otocare-b16fa/versions/1f71fad2f1290615/files/93b4b743494e863736703e0889113d93bf896a9b4e4b3f5a29a5b65284338c4f [stream]
[debug] [2024-11-17T16:13:54.586Z] <<< [apiv2][status] POST https://upload-firebasehosting.googleapis.com/upload/sites/otocare-b16fa/versions/1f71fad2f1290615/files/9945f5baf48e56f95b1c82864db38d31241426dec62d0ccb732f484e8095678c 200
[debug] [2024-11-17T16:13:54.587Z] <<< [apiv2][body] POST https://upload-firebasehosting.googleapis.com/upload/sites/otocare-b16fa/versions/1f71fad2f1290615/files/9945f5baf48e56f95b1c82864db38d31241426dec62d0ccb732f484e8095678c [stream]
[debug] [2024-11-17T16:13:55.036Z] <<< [apiv2][status] POST https://upload-firebasehosting.googleapis.com/upload/sites/otocare-b16fa/versions/1f71fad2f1290615/files/177591868ec51cda74173cd5c7b88ad26d26572f1a1b959e530df7b709e764aa 200
[debug] [2024-11-17T16:13:55.039Z] <<< [apiv2][body] POST https://upload-firebasehosting.googleapis.com/upload/sites/otocare-b16fa/versions/1f71fad2f1290615/files/177591868ec51cda74173cd5c7b88ad26d26572f1a1b959e530df7b709e764aa [stream]
[debug] [2024-11-17T16:13:55.463Z] <<< [apiv2][status] POST https://upload-firebasehosting.googleapis.com/upload/sites/otocare-b16fa/versions/1f71fad2f1290615/files/923a777e12fe2f2a3a9f40754b56f19eb0be450956226e70db7351194d611eee 200
[debug] [2024-11-17T16:13:55.466Z] <<< [apiv2][body] POST https://upload-firebasehosting.googleapis.com/upload/sites/otocare-b16fa/versions/1f71fad2f1290615/files/923a777e12fe2f2a3a9f40754b56f19eb0be450956226e70db7351194d611eee [stream]
[debug] [2024-11-17T16:13:55.468Z] [hosting][upload queue][FINAL] {"max":2643,"min":1309,"avg":1516.5,"active":0,"complete":30,"success":30,"errored":0,"retried":0,"total":30,"elapsed":2649}
[info] i  hosting: upload complete 
[info] +  hosting[otocare-b16fa]: file upload complete 
[debug] [2024-11-17T16:13:55.474Z] [hosting] deploy completed after 3283ms
[debug] [2024-11-17T16:13:55.476Z] [
  {
    "config": {
      "public": "dist",
      "ignore": [
        "firebase.json",
        "**/.*",
        "**/node_modules/**"
      ],
      "site": "otocare-b16fa"
    },
    "version": "projects/124104424279/sites/otocare-b16fa/versions/1f71fad2f1290615"
  }
]
[info] i  hosting[otocare-b16fa]: finalizing version... 
[debug] [2024-11-17T16:13:55.485Z] Checked if tokens are valid: true, expires at: 1731862304562
[debug] [2024-11-17T16:13:55.486Z] Checked if tokens are valid: true, expires at: 1731862304562
[debug] [2024-11-17T16:13:55.489Z] >>> [apiv2][query] PATCH https://firebasehosting.googleapis.com/v1beta1/projects/-/sites/otocare-b16fa/versions/1f71fad2f1290615 updateMask=status%2Cconfig
[debug] [2024-11-17T16:13:55.490Z] >>> [apiv2][body] PATCH https://firebasehosting.googleapis.com/v1beta1/projects/-/sites/otocare-b16fa/versions/1f71fad2f1290615 {"status":"FINALIZED","config":{}}
[debug] [2024-11-17T16:13:56.126Z] <<< [apiv2][status] PATCH https://firebasehosting.googleapis.com/v1beta1/projects/-/sites/otocare-b16fa/versions/1f71fad2f1290615 200
[debug] [2024-11-17T16:13:56.127Z] <<< [apiv2][body] PATCH https://firebasehosting.googleapis.com/v1beta1/projects/-/sites/otocare-b16fa/versions/1f71fad2f1290615 {"name":"projects/124104424279/sites/otocare-b16fa/versions/1f71fad2f1290615","status":"FINALIZED","config":{},"labels":{"deployment-tool":"cli-firebase"},"createTime":"2024-11-17T16:13:51.493470Z","createUser":{"email":"samdwiputra@gmail.com"},"finalizeTime":"2024-11-17T16:13:55.610669Z","finalizeUser":{"email":"samdwiputra@gmail.com"}}
[debug] [2024-11-17T16:13:56.127Z] [hosting] finalized version for otocare-b16fa:[object Object]
[info] +  hosting[otocare-b16fa]: version finalized 
[info] i  hosting[otocare-b16fa]: releasing new version... 
[debug] [2024-11-17T16:13:56.130Z] Checked if tokens are valid: true, expires at: 1731862304562
[debug] [2024-11-17T16:13:56.131Z] Checked if tokens are valid: true, expires at: 1731862304562
[debug] [2024-11-17T16:13:56.132Z] >>> [apiv2][query] POST https://firebasehosting.googleapis.com/v1beta1/projects/-/sites/otocare-b16fa/channels/live/releases versionName=projects%2F124104424279%2Fsites%2Fotocare-b16fa%2Fversions%2F1f71fad2f1290615
[debug] [2024-11-17T16:13:56.133Z] >>> [apiv2][body] POST https://firebasehosting.googleapis.com/v1beta1/projects/-/sites/otocare-b16fa/channels/live/releases {}
[debug] [2024-11-17T16:13:56.605Z] <<< [apiv2][status] POST https://firebasehosting.googleapis.com/v1beta1/projects/-/sites/otocare-b16fa/channels/live/releases 200
[debug] [2024-11-17T16:13:56.606Z] <<< [apiv2][body] POST https://firebasehosting.googleapis.com/v1beta1/projects/-/sites/otocare-b16fa/channels/live/releases {"name":"projects/124104424279/sites/otocare-b16fa/channels/live/releases/1731860035541000","version":{"name":"projects/124104424279/sites/otocare-b16fa/versions/1f71fad2f1290615","status":"FINALIZED","config":{},"labels":{"deployment-tool":"cli-firebase"},"createTime":"2024-11-17T16:13:51.493470Z","createUser":{"email":"samdwiputra@gmail.com","imageUrl":"https://lh3.googleusercontent.com/a/ACg8ocLTzHUc4ofg82riGhYeJRjOIJd7b-J5I-NjuW9iaVIcojZJvhjyWA"},"finalizeTime":"2024-11-17T16:13:55.610669Z","finalizeUser":{"email":"samdwiputra@gmail.com","imageUrl":"https://lh3.googleusercontent.com/a/ACg8ocLTzHUc4ofg82riGhYeJRjOIJd7b-J5I-NjuW9iaVIcojZJvhjyWA"}},"type":"DEPLOY","releaseTime":"2024-11-17T16:13:55.541Z","releaseUser":{"email":"samdwiputra@gmail.com","imageUrl":"https://lh3.googleusercontent.com/a/ACg8ocLTzHUc4ofg82riGhYeJRjOIJd7b-J5I-NjuW9iaVIcojZJvhjyWA"}}
[debug] [2024-11-17T16:13:56.607Z] [hosting] release: {"name":"projects/124104424279/sites/otocare-b16fa/channels/live/releases/1731860035541000","version":{"name":"projects/124104424279/sites/otocare-b16fa/versions/1f71fad2f1290615","status":"FINALIZED","config":{},"labels":{"deployment-tool":"cli-firebase"},"createTime":"2024-11-17T16:13:51.493470Z","createUser":{"email":"samdwiputra@gmail.com","imageUrl":"https://lh3.googleusercontent.com/a/ACg8ocLTzHUc4ofg82riGhYeJRjOIJd7b-J5I-NjuW9iaVIcojZJvhjyWA"},"finalizeTime":"2024-11-17T16:13:55.610669Z","finalizeUser":{"email":"samdwiputra@gmail.com","imageUrl":"https://lh3.googleusercontent.com/a/ACg8ocLTzHUc4ofg82riGhYeJRjOIJd7b-J5I-NjuW9iaVIcojZJvhjyWA"}},"type":"DEPLOY","releaseTime":"2024-11-17T16:13:55.541Z","releaseUser":{"email":"samdwiputra@gmail.com","imageUrl":"https://lh3.googleusercontent.com/a/ACg8ocLTzHUc4ofg82riGhYeJRjOIJd7b-J5I-NjuW9iaVIcojZJvhjyWA"}}
[info] +  hosting[otocare-b16fa]: release complete 
[info] 
[info] +  Deploy complete! 
[info] 
[info] Project Console: https://console.firebase.google.com/project/otocare-b16fa/overview
[info] Hosting URL: https://otocare-b16fa.web.app
